<?xml version="1.0" encoding="UTF-8"?>
<!-- Generated by org.testng.reporters.JUnitReportReporter -->
<testsuite hostname="Sandeep-PC" name="com.test.POMmaven.POMmaven.homepage.TC03_Verifyloginwithdifferentrecords" tests="2" failures="0" timestamp="15 Apr 2018 07:51:39 GMT" time="39.392" errors="0">
  <testcase name="testlogin" time="17.903" classname="com.test.POMmaven.POMmaven.homepage.TC03_Verifyloginwithdifferentrecords"/>
  <testcase name="testlogin" time="21.489" classname="com.test.POMmaven.POMmaven.homepage.TC03_Verifyloginwithdifferentrecords"/>
</testsuite> <!-- com.test.POMmaven.POMmaven.homepage.TC03_Verifyloginwithdifferentrecords -->
