<?xml version="1.0" encoding="UTF-8"?>
<!-- Generated by org.testng.reporters.JUnitReportReporter -->
<testsuite hostname="Sandeep-PC" name="com.test.POMmaven.POMmaven.homepage.TC02_VerifyRegistration" tests="1" failures="0" timestamp="15 Apr 2018 08:44:34 GMT" time="29.464" errors="0">
  <testcase name="verifyregistration" time="29.464" classname="com.test.POMmaven.POMmaven.homepage.TC02_VerifyRegistration"/>
</testsuite> <!-- com.test.POMmaven.POMmaven.homepage.TC02_VerifyRegistration -->
