<?xml version="1.0" encoding="UTF-8"?>
<!-- Generated by org.testng.reporters.JUnitReportReporter -->
<testsuite hostname="Sandeep-PC" name="com.test.POMmaven.POMmaven.homepage.TC01_verifyInvaidLogin" tests="1" failures="0" timestamp="15 Apr 2018 08:44:34 GMT" time="5.972" errors="0">
  <testcase name="verifybyinvlidlogin" time="5.972" classname="com.test.POMmaven.POMmaven.homepage.TC01_verifyInvaidLogin"/>
</testsuite> <!-- com.test.POMmaven.POMmaven.homepage.TC01_verifyInvaidLogin -->
